\BOOKMARK [1][-]{section*.2}{\376\377\000P\000a\000l\000a\000b\000r\000a\000s\000\040\000C\000l\000a\000v\000e}{}% 1
\BOOKMARK [1][-]{section*.3}{\376\377\000A\000b\000s\000t\000r\000a\000c\000t\000o}{}% 2
\BOOKMARK [2][-]{section*.4}{\376\377\000E\000s\000p\000a\000\361\000o\000l}{section*.3}% 3
\BOOKMARK [2][-]{section*.5}{\376\377\000E\000n\000g\000l\000i\000s\000h}{section*.3}% 4
\BOOKMARK [1][-]{section*.6}{\376\377\000A\000g\000r\000a\000d\000e\000c\000i\000m\000i\000e\000n\000t\000o\000s}{}% 5
\BOOKMARK [1][-]{section.1}{\376\377\000I\000n\000t\000r\000o\000d\000u\000c\000c\000i\000\363\000n}{}% 6
\BOOKMARK [2][-]{subsection.1.1}{\376\377\000M\000o\000t\000i\000v\000a\000c\000i\000\363\000n}{section.1}% 7
\BOOKMARK [2][-]{subsection.1.2}{\376\377\000O\000b\000j\000e\000t\000i\000v\000o\000s}{section.1}% 8
\BOOKMARK [3][-]{subsubsection.1.2.1}{\376\377\000O\000b\000j\000e\000t\000i\000v\000o\000\040\000G\000e\000n\000e\000r\000a\000l}{subsection.1.2}% 9
\BOOKMARK [3][-]{subsubsection.1.2.2}{\376\377\000O\000b\000j\000e\000t\000i\000v\000o\000s\000\040\000T\000e\000c\000n\000i\000c\000o\000s}{subsection.1.2}% 10
\BOOKMARK [1][-]{section.2}{\376\377\000E\000s\000t\000a\000d\000o\000\040\000d\000e\000l\000\040\000A\000r\000t\000e}{}% 11
\BOOKMARK [2][-]{subsection.2.1}{\376\377\000T\000e\000c\000n\000o\000l\000o\000g\000\355\000a\000s\000\040\000E\000x\000i\000s\000t\000e\000n\000t\000e\000s}{section.2}% 12
\BOOKMARK [2][-]{subsection.2.2}{\376\377\000T\000r\000a\000b\000a\000j\000o\000s\000\040\000R\000e\000l\000a\000c\000i\000o\000n\000a\000d\000o\000s}{section.2}% 13
\BOOKMARK [2][-]{subsection.2.3}{\376\377\000C\000o\000m\000p\000a\000r\000a\000t\000i\000v\000a\000\040\000d\000e\000\040\000S\000o\000l\000u\000c\000i\000o\000n\000e\000s}{section.2}% 14
\BOOKMARK [1][-]{section.3}{\376\377\000S\000o\000l\000u\000c\000i\000\363\000n\000\040\000I\000m\000p\000l\000e\000m\000e\000n\000t\000a\000d\000a}{}% 15
\BOOKMARK [2][-]{subsection.3.1}{\376\377\000A\000r\000q\000u\000i\000t\000e\000c\000t\000u\000r\000a\000\040\000d\000e\000l\000\040\000S\000i\000s\000t\000e\000m\000a}{section.3}% 16
\BOOKMARK [2][-]{subsection.3.2}{\376\377\000C\000o\000m\000p\000o\000n\000e\000n\000t\000e\000s\000\040\000P\000r\000i\000n\000c\000i\000p\000a\000l\000e\000s}{section.3}% 17
\BOOKMARK [2][-]{subsection.3.3}{\376\377\000T\000e\000c\000n\000o\000l\000o\000g\000\355\000a\000s\000\040\000U\000t\000i\000l\000i\000z\000a\000d\000a\000s}{section.3}% 18
\BOOKMARK [2][-]{subsection.3.4}{\376\377\000I\000m\000p\000l\000e\000m\000e\000n\000t\000a\000c\000i\000\363\000n}{section.3}% 19
\BOOKMARK [1][-]{section.4}{\376\377\000M\000e\000t\000o\000d\000o\000l\000o\000g\000\355\000a\000\040\000A\000p\000l\000i\000c\000a\000d\000a}{}% 20
\BOOKMARK [2][-]{subsection.4.1}{\376\377\000M\000a\000r\000c\000o\000\040\000M\000e\000t\000o\000d\000o\000l\000\363\000g\000i\000c\000o}{section.4}% 21
\BOOKMARK [2][-]{subsection.4.2}{\376\377\000P\000r\000o\000c\000e\000s\000o\000\040\000d\000e\000\040\000D\000e\000s\000a\000r\000r\000o\000l\000l\000o}{section.4}% 22
\BOOKMARK [2][-]{subsection.4.3}{\376\377\000H\000e\000r\000r\000a\000m\000i\000e\000n\000t\000a\000s\000\040\000d\000e\000\040\000D\000e\000s\000a\000r\000r\000o\000l\000l\000o}{section.4}% 23
\BOOKMARK [2][-]{subsection.4.4}{\376\377\000G\000e\000s\000t\000i\000\363\000n\000\040\000d\000e\000l\000\040\000P\000r\000o\000y\000e\000c\000t\000o}{section.4}% 24
\BOOKMARK [1][-]{section.5}{\376\377\000E\000x\000p\000e\000r\000i\000m\000e\000n\000t\000a\000c\000i\000\363\000n\000\040\000y\000\040\000V\000a\000l\000i\000d\000a\000c\000i\000\363\000n}{}% 25
\BOOKMARK [2][-]{subsection.5.1}{\376\377\000D\000i\000s\000e\000\361\000o\000\040\000d\000e\000\040\000E\000x\000p\000e\000r\000i\000m\000e\000n\000t\000o\000s}{section.5}% 26
\BOOKMARK [2][-]{subsection.5.2}{\376\377\000C\000a\000s\000o\000s\000\040\000d\000e\000\040\000P\000r\000u\000e\000b\000a}{section.5}% 27
\BOOKMARK [2][-]{subsection.5.3}{\376\377\000R\000e\000s\000u\000l\000t\000a\000d\000o\000s\000\040\000O\000b\000t\000e\000n\000i\000d\000o\000s}{section.5}% 28
\BOOKMARK [2][-]{subsection.5.4}{\376\377\000A\000n\000\341\000l\000i\000s\000i\000s\000\040\000d\000e\000\040\000R\000e\000s\000u\000l\000t\000a\000d\000o\000s}{section.5}% 29
\BOOKMARK [2][-]{subsection.5.5}{\376\377\000V\000a\000l\000i\000d\000a\000c\000i\000\363\000n\000\040\000c\000o\000n\000\040\000U\000s\000u\000a\000r\000i\000o\000s}{section.5}% 30
\BOOKMARK [1][-]{section.6}{\376\377\000C\000r\000o\000n\000o\000g\000r\000a\000m\000a\000s}{}% 31
\BOOKMARK [2][-]{subsection.6.1}{\376\377\000C\000r\000o\000n\000o\000g\000r\000a\000m\000a\000\040\000P\000l\000a\000n\000i\000f\000i\000c\000a\000d\000o}{section.6}% 32
\BOOKMARK [2][-]{subsection.6.2}{\376\377\000C\000r\000o\000n\000o\000g\000r\000a\000m\000a\000\040\000R\000e\000a\000l}{section.6}% 33
\BOOKMARK [2][-]{subsection.6.3}{\376\377\000D\000e\000s\000v\000i\000a\000c\000i\000o\000n\000e\000s\000\040\000y\000\040\000A\000j\000u\000s\000t\000e\000s}{section.6}% 34
\BOOKMARK [1][-]{section.7}{\376\377\000R\000i\000e\000s\000g\000o\000s\000\040\000y\000\040\000L\000e\000c\000c\000i\000o\000n\000e\000s\000\040\000A\000p\000r\000e\000n\000d\000i\000d\000a\000s}{}% 35
\BOOKMARK [2][-]{subsection.7.1}{\376\377\000I\000d\000e\000n\000t\000i\000f\000i\000c\000a\000c\000i\000\363\000n\000\040\000d\000e\000\040\000R\000i\000e\000s\000g\000o\000s}{section.7}% 36
\BOOKMARK [2][-]{subsection.7.2}{\376\377\000G\000e\000s\000t\000i\000\363\000n\000\040\000d\000e\000\040\000R\000i\000e\000s\000g\000o\000s}{section.7}% 37
\BOOKMARK [2][-]{subsection.7.3}{\376\377\000P\000r\000o\000b\000l\000e\000m\000a\000s\000\040\000E\000n\000c\000o\000n\000t\000r\000a\000d\000o\000s}{section.7}% 38
\BOOKMARK [2][-]{subsection.7.4}{\376\377\000L\000e\000c\000c\000i\000o\000n\000e\000s\000\040\000A\000p\000r\000e\000n\000d\000i\000d\000a\000s}{section.7}% 39
\BOOKMARK [1][-]{section.8}{\376\377\000I\000m\000p\000a\000c\000t\000o\000s\000\040\000S\000o\000c\000i\000a\000l\000e\000s\000\040\000y\000\040\000A\000m\000b\000i\000e\000n\000t\000a\000l\000e\000s\000\040\000d\000e\000l\000\040\000P\000r\000o\000y\000e\000c\000t\000o}{}% 40
\BOOKMARK [2][-]{subsection.8.1}{\376\377\000I\000m\000p\000a\000c\000t\000o\000\040\000S\000o\000c\000i\000a\000l}{section.8}% 41
\BOOKMARK [2][-]{subsection.8.2}{\376\377\000I\000m\000p\000a\000c\000t\000o\000\040\000A\000m\000b\000i\000e\000n\000t\000a\000l}{section.8}% 42
\BOOKMARK [2][-]{subsection.8.3}{\376\377\000R\000e\000s\000p\000o\000n\000s\000a\000b\000i\000l\000i\000d\000a\000d\000\040\000S\000o\000c\000i\000a\000l\000\040\000y\000\040\000\311\000t\000i\000c\000a}{section.8}% 43
\BOOKMARK [2][-]{subsection.8.4}{\376\377\000M\000e\000d\000i\000d\000a\000s\000\040\000d\000e\000\040\000M\000i\000t\000i\000g\000a\000c\000i\000\363\000n}{section.8}% 44
\BOOKMARK [1][-]{section.9}{\376\377\000D\000e\000s\000a\000r\000r\000o\000l\000l\000o\000s\000\040\000F\000u\000t\000u\000r\000o\000s}{}% 45
\BOOKMARK [2][-]{subsection.9.1}{\376\377\000M\000e\000j\000o\000r\000a\000s\000\040\000P\000r\000o\000p\000u\000e\000s\000t\000a\000s}{section.9}% 46
\BOOKMARK [2][-]{subsection.9.2}{\376\377\000F\000u\000n\000c\000i\000o\000n\000a\000l\000i\000d\000a\000d\000e\000s\000\040\000A\000d\000i\000c\000i\000o\000n\000a\000l\000e\000s}{section.9}% 47
\BOOKMARK [2][-]{subsection.9.3}{\376\377\000E\000s\000c\000a\000l\000a\000b\000i\000l\000i\000d\000a\000d}{section.9}% 48
\BOOKMARK [2][-]{subsection.9.4}{\376\377\000I\000n\000v\000e\000s\000t\000i\000g\000a\000c\000i\000\363\000n\000\040\000F\000u\000t\000u\000r\000a}{section.9}% 49
\BOOKMARK [2][-]{subsection.9.5}{\376\377\000C\000o\000n\000c\000l\000u\000s\000i\000o\000n\000e\000s\000\040\000F\000i\000n\000a\000l\000e\000s}{section.9}% 50
